Search query: h
Search query: hh
Search query: h
Search query: u
Search query: t
Search query: ty
Search query: t
Search query: u
Search query: j
Search query: jj
Search query: j
Search query: u
Search query: t
Search query: th
Search query: t
Search query: h
Search query: k
Search query: a
Search query: af
Search query: aft
Search query: afte
Search query: after
Search query: h
Search query: hj
Search query: h
Search query: o
Search query: ok
Search query: o
Search query: j
Search query: o
Search query: op
Search query: o
Search query: c
Search query: ch
Search query: cha
Search query: ch
Search query: c
Search query: h
Search query: n
Search query: m
Search query: a
Search query: l
Search query: li
Search query: lif
Search query: life
Search query: lif
Search query: li
Search query: l
Search query: g
Search query: go
Search query: goo
Search query: m
Search query: k

Search query: kkk
Search query: kkkl
Search query: kkk
Search query: kk
Search query: k
Search query: i
Search query: ii
Search query: i
Search query: m
Search query: mm
Search query: mmn
Search query: mm
Search query: m
Search query: u
Search query: ui
Search query: u
Search query: hg
Search query: h
Search query: r
Search query: rg
Search query: rgh
Search query: rg
Search query: r
Search query: j
Search query: jk
Search query: j
Search query: y
Search query: yi
Search query: y
Search query: u
Search query: h
Search query: h
Search query: ho
Search query: h
Search query: L
Search query: L
Search query: Li
Search query: Lif
Search query: Life
Search query: n
Search query: nm
Search query: n
Search query: h
Search query: g
Search query: gh
Search query: g
Search query: h
Search query: m
Search query: m
Search query: m
Search query: to start a conversation on social media
Search query: h
Search query: ho
Search query: hoh
Search query: ho
Search query: h
Search query: y
Search query: yu
Search query: y
Search query: h
Search query: hj
Search query: h
Search query: g
Search query: u
Search query: i
Search query: g
Search query: gg
Search query: g
Search query: o
Search query: oo
Search query: oop
Search query: oopp
Search query: ooppp
Search query: h
Search query: ad
Search query: adm
Search query: admi
Search query: adm
Search query: ad
Search query: adm
Search query: admi
Search query: admin
Search query: c
Search query: co
Search query: coo
Search query: cooo
Search query: coo
Search query: cool
Search query: coole
Search query: cool
Search query: coo
Search query: co
Search query: c
Search query: b
Search query: bb
Search query: bbx
Search query: bb
Search query: b
Search query: i
Search query: to start a conversation on social media
Search query: to start a conversation on social medi
Search query: to start a conversation on social med
Search query: i
Search query: n
Search query: nh
Search query: n
Search query: b
Search query: bn
Search query: bnn
Search query: bn
Search query: b
Search query: i
Search query: io
Search query: iop
Search query: iopp
Search query: iop
Search query: io
Search query: i
Search query: n
Search query: nn
Search query: n
Search query: b
Search query: S
Search query: Sl
Search query: Sli
Search query: n
Search query: s
Search query: se
Search query: sea
Search query: se
Search query: C
Search query: C
Search query: Cl
Search query: y
Search query: yd
Search query: ydg
Search query: yd
Search query: y
Search query: y
Search query: h
Search query: v
Search query: h
Search query: u
Search query: h
Search query: w
Search query: we
Search query: wel
Search query: h
Search query: ha
Search query: hat
Search query: m
Search query: mi
Search query: mik
Search query: mi
Search query: m
Search query: t
Search query: th
Search query: thi
Search query: e
Search query: el
Search query: ele
Search query: el
Search query: e
Search query: b
Search query: bj
Search query: b
Search query: g
Search query: gh
Search query: to start a conversation on social media
Search query: to start a conversation on social medi
Search query: d
Search query: de
Search query: del
Search query: n
Search query: j
Search query: jh
Search query: j
Search query: d
Search query: de
Search query: del
Search query: i
Search query: is
Search query: isn
Search query: c
Search query: ch
Search query: che
Search query: chec
Search query: s
Search query: sl
Search query: n
Search query: nv
Search query: nvv
Search query: nv
Search query: n
Search query: far
Search query: g
Search query: gg
Search query: g
Search query: far
Search query: fa
Search query: f
Search query: bd
Search query: bd
Search query: b
Search query: bb
Search query: b
Search query: far
Search query: elevate
Search query: a
Search query: hi
Search query: lo
Search query: lor
Search query: lore
Search query: l
Search query: li
Search query: m
Search query: w
Search query: we
Search query: 3
Search query: #
Search query: #
Search query: #M
Search query: #MO
Search query: #MO
Search query: #M
Search query: #
Search query: #mSearch query: #
Search query: #mo
Search query: #mot
Search query: #moti
Search query: #mot
Search query: #mo
Search query: #m
Search query: #
Search query: #p
Search query: #pe
Search query: #per
Search query: #pe
Search query: #p
Search query: #
Search query: #
Search query: #
Search query: #m
Search query: #mo
Search query: #mot
Search query: #moti
Search query: #motiv
Search query: #motiva
Search query: #motivat
Search query: #motivati
Search query: #motivatio
Search query: #motivation
Search query: s
Search query: sc
Search query: scj
Search query: sc
Search query: sch
Search query: sche
Search query: sched
Search query: elevate
Search query: e
Search query: elevate
Search query: #
Search query: #
Search query: #e
Search query: #
Search query: #m
Search query: #mo
Search query: elevate
Search query: elevate
Search query: elevat
Search query: eleva
Search query: elev
Search query: to start a conversation with a girl on social media
Search query: #
Search query: #
Search query: #m
Search query: #mo
Search query: #m
Search query: #
Search query: #p
Search query: #pe
Search query: #per
Search query: #pers
Search query: #
Search query: #m
Search query: #mo
Search query: 3
Search query: 3
Search query: #
Search query: #
Search query: g
Search query: s
Search query: sc
Search query: sch
Search query: sche
Search query: sched
Search query: schedu
Search query: schedul
Search query: schedule
Search query: scheduled
Search query: we
Search query: w
Search query: wel
Search query: far
Search query: fa
Search query: f
